-------------------------------------------------------------------------------
Test set: com.app.BankAccountTest
-------------------------------------------------------------------------------
Tests run: 10, Failures: 2, Errors: 0, Skipped: 0, Time elapsed: 0.236 s <<< FAILURE! -- in com.app.BankAccountTest
com.app.BankAccountTest.testCheckingInsufficientFunds -- Time elapsed: 0.017 s <<< FAILURE!
org.opentest4j.AssertionFailedError: Expected java.lang.IllegalStateException to be thrown, but nothing was thrown.
	at org.junit.jupiter.api.Assertions.assertThrows(Assertions.java:3234)
	at com.app.BankAccountTest.testCheckingInsufficientFunds(BankAccountTest.java:58)

com.app.BankAccountTest.testSavingsBelowMinimum -- Time elapsed: 0.027 s <<< FAILURE!
org.opentest4j.AssertionFailedError: Unexpected exception type thrown, expected: <java.lang.IllegalStateException> but was: <java.lang.IllegalArgumentException>
	at org.junit.jupiter.api.Assertions.assertThrows(Assertions.java:3234)
	at com.app.BankAccountTest.testSavingsBelowMinimum(BankAccountTest.java:28)
Caused by: java.lang.IllegalArgumentException: Would go below minimum balance
	at com.app.SavingsAccount.withdraw(BankAccount.java:46)
	at com.app.BankAccountTest.lambda$testSavingsBelowMinimum$0(BankAccountTest.java:28)
	at org.junit.jupiter.api.AssertThrows.assertThrows(AssertThrows.java:54)
	at org.junit.jupiter.api.AssertThrows.assertThrows(AssertThrows.java:35)
	... 2 more

